<?xml version="1.0" encoding="UTF-8"?>
<!-- Generated by org.testng.reporters.JUnitReportReporter -->
<testsuite hostname="Manjulas-MacBook-Pro.local" name="com.main.tests.LoginPageTest" tests="2" failures="0" timestamp="11 Jan 2016 21:28:37 GMT" time="18.280" errors="0">
  <testcase name="testLogout" time="7.334" classname="com.main.tests.LoginPageTest"/>
  <testcase name="testLogin" time="10.946" classname="com.main.tests.LoginPageTest"/>
</testsuite> <!-- com.main.tests.LoginPageTest -->
